Arguments: 
  /Users/mariotorres/.nvm/versions/node/v16.20.2/bin/node /opt/homebrew/Cellar/yarn/1.22.19/libexec/bin/yarn.js init

PATH: 
  /Users/mariotorres/.nvm/versions/node/v16.20.2/bin:/opt/homebrew/bin:/opt/homebrew/sbin:/usr/local/bin:/System/Cryptexes/App/usr/bin:/usr/bin:/bin:/usr/sbin:/sbin:/Applications/Wireshark.app/Contents/MacOS:/Users/mariotorres/.rvm/bin

Yarn version: 
  1.22.19

Node version: 
  16.20.2

Platform: 
  darwin arm64

Trace: 
  Error: canceled
      at Interface.<anonymous> (/opt/homebrew/Cellar/yarn/1.22.19/libexec/lib/cli.js:137150:13)
      at Interface.emit (node:events:513:28)
      at Interface._ttyWrite (node:readline:1085:16)
      at ReadStream.onkeypress (node:readline:291:10)
      at ReadStream.emit (node:events:513:28)
      at emitKeys (node:internal/readline/utils:357:14)
      at emitKeys.next (<anonymous>)
      at ReadStream.onData (node:internal/readline/emitKeypressEvents:61:36)
      at ReadStream.emit (node:events:513:28)
      at addChunk (node:internal/streams/readable:315:12)

npm manifest: 
  {
    "name": "backend",
    "version": "1.0.0",
    "description": "backend",
    "main": "index.js",
    "scripts": {
      "test": "echo \"Error: no test specified\" && exit 1"
    },
    "author": "Your Name",
    "license": "MIT",
    "dependencies": {
      "express": "^4.18.2",
      "sequelize": "^6.33.0"
    }
  }

yarn manifest: 
  No manifest

Lockfile: 
  No lockfile
